mode: set
wonsoh.private/cloudkitchens/resource/fixture.go:39.58,45.2 1 1
wonsoh.private/cloudkitchens/resource/fixture.go:49.53,51.2 1 1
wonsoh.private/cloudkitchens/resource/fixture.go:56.57,58.2 1 1
wonsoh.private/cloudkitchens/resource/fixture.go:61.45,62.14 1 1
wonsoh.private/cloudkitchens/resource/fixture.go:65.2,65.51 1 1
wonsoh.private/cloudkitchens/resource/fixture.go:62.14,64.3 1 1
wonsoh.private/cloudkitchens/service/order_manager.go:28.3,29.39 1 1
wonsoh.private/cloudkitchens/service/order_manager.go:33.2,33.8 1 1
wonsoh.private/cloudkitchens/service/order_manager.go:29.39,32.3 2 1
wonsoh.private/cloudkitchens/service/order_manager.go:36.53,37.40 1 1
wonsoh.private/cloudkitchens/service/order_manager.go:37.40,43.3 1 1
wonsoh.private/cloudkitchens/service/order_manager.go:43.8,59.3 2 1
wonsoh.private/cloudkitchens/service/order_manager.go:96.52,99.2 2 1
wonsoh.private/cloudkitchens/service/order_manager.go:101.35,103.2 1 1
wonsoh.private/cloudkitchens/service/order_manager.go:105.37,107.2 1 1
wonsoh.private/cloudkitchens/service/order_manager.go:109.36,111.2 1 1
wonsoh.private/cloudkitchens/service/order_manager.go:113.37,115.2 1 1
wonsoh.private/cloudkitchens/service/order_manager.go:118.44,123.2 4 1
wonsoh.private/cloudkitchens/service/order_manager.go:125.65,129.2 3 1
wonsoh.private/cloudkitchens/service/order_manager.go:131.68,135.2 3 1
wonsoh.private/cloudkitchens/service/order_manager.go:138.35,140.2 1 1
wonsoh.private/cloudkitchens/service/order_manager.go:142.47,144.2 1 1
wonsoh.private/cloudkitchens/service/order_manager.go:146.68,148.2 1 1
wonsoh.private/cloudkitchens/service/order_manager.go:151.55,155.2 3 1
wonsoh.private/cloudkitchens/service/order_manager.go:158.52,162.2 3 1
wonsoh.private/cloudkitchens/service/order_manager.go:165.74,189.2 7 1
wonsoh.private/cloudkitchens/service/order_manager.go:192.71,216.2 7 1
wonsoh.private/cloudkitchens/service/order_manager.go:219.73,224.8 5 1
wonsoh.private/cloudkitchens/service/order_manager.go:232.2,233.12 2 1
wonsoh.private/cloudkitchens/service/order_manager.go:224.8,228.3 3 1
wonsoh.private/cloudkitchens/service/order_manager.go:228.8,231.3 2 1
wonsoh.private/cloudkitchens/service/order_manager.go:237.76,241.2 3 1
wonsoh.private/cloudkitchens/service/order_manager.go:244.70,249.8 5 1
wonsoh.private/cloudkitchens/service/order_manager.go:252.2,253.8 2 1
wonsoh.private/cloudkitchens/service/order_manager.go:263.2,264.12 2 1
wonsoh.private/cloudkitchens/service/order_manager.go:249.8,251.3 1 1
wonsoh.private/cloudkitchens/service/order_manager.go:253.8,258.3 4 1
wonsoh.private/cloudkitchens/service/order_manager.go:258.8,262.3 3 1
wonsoh.private/cloudkitchens/service/order_manager.go:268.78,273.8 5 1
wonsoh.private/cloudkitchens/service/order_manager.go:281.2,284.12 4 1
wonsoh.private/cloudkitchens/service/order_manager.go:273.8,277.3 3 1
wonsoh.private/cloudkitchens/service/order_manager.go:277.8,280.3 2 1
wonsoh.private/cloudkitchens/service/order_manager.go:288.70,292.2 3 1
wonsoh.private/cloudkitchens/service/order_manager.go:295.75,300.8 5 1
wonsoh.private/cloudkitchens/service/order_manager.go:303.2,304.8 2 1
wonsoh.private/cloudkitchens/service/order_manager.go:314.2,316.12 3 1
wonsoh.private/cloudkitchens/service/order_manager.go:300.8,302.3 1 1
wonsoh.private/cloudkitchens/service/order_manager.go:304.8,309.3 4 1
wonsoh.private/cloudkitchens/service/order_manager.go:309.8,313.3 3 1
wonsoh.private/cloudkitchens/service/order_manager.go:319.68,326.2 1 1
wonsoh.private/cloudkitchens/service/order_manager.go:330.61,331.40 1 1
wonsoh.private/cloudkitchens/service/order_manager.go:338.2,338.36 1 1
wonsoh.private/cloudkitchens/service/order_manager.go:331.40,337.3 1 1
wonsoh.private/cloudkitchens/service/order_manager.go:343.58,344.37 1 1
wonsoh.private/cloudkitchens/service/order_manager.go:351.2,351.33 1 1
wonsoh.private/cloudkitchens/service/order_manager.go:344.37,350.3 1 1
wonsoh.private/cloudkitchens/service/fixture.go:30.42,44.45 5 1
wonsoh.private/cloudkitchens/service/fixture.go:44.45,50.3 1 1
wonsoh.private/cloudkitchens/service/fixture.go:53.49,55.2 1 1
wonsoh.private/cloudkitchens/service/fixture.go:57.43,69.46 5 1
wonsoh.private/cloudkitchens/service/fixture.go:69.46,75.3 1 1
wonsoh.private/cloudkitchens/service/fixture.go:78.51,80.2 1 1
wonsoh.private/cloudkitchens/service/fixture.go:85.3,89.46 4 1
wonsoh.private/cloudkitchens/service/fixture.go:93.2,120.3 1 1
wonsoh.private/cloudkitchens/service/fixture.go:89.46,91.3 1 1
wonsoh.private/cloudkitchens/service/fixture.go:126.20,133.2 1 1
wonsoh.private/cloudkitchens/service/fixture.go:138.22,145.2 1 1
